[2018-02-15 21:24:48] INFO  WEBrick 1.3.1
[2018-02-15 21:24:48] INFO  ruby 2.3.1 (2016-04-26) [x86_64-linux]
[2018-02-15 21:24:48] INFO  WEBrick::HTTPServer#start: pid=6908 port=3000
[2018-02-15 21:24:50] INFO  going to shutdown ...
[2018-02-15 21:24:50] INFO  WEBrick::HTTPServer#start done.
=> Booting WEBrick
=> Rails 4.2.6 application starting in development on http://0.0.0.0:3000
=> Run `rails server -h` for more startup options
=> Ctrl-C to shutdown server
Exiting
[2018-02-15 21:24:55] INFO  WEBrick 1.3.1
[2018-02-15 21:24:55] INFO  ruby 2.3.1 (2016-04-26) [x86_64-linux]
[2018-02-15 21:24:55] INFO  WEBrick::HTTPServer#start: pid=6938 port=3000
[2018-02-15 22:47:13] FATAL SignalException: SIGTERM
	/home/ubuntu/.rbenv/versions/2.3.1/lib/ruby/2.3.0/webrick/server.rb:177:in `select'
	/home/ubuntu/.rbenv/versions/2.3.1/lib/ruby/2.3.0/webrick/server.rb:177:in `block in start'
	/home/ubuntu/.rbenv/versions/2.3.1/lib/ruby/2.3.0/webrick/server.rb:33:in `start'
	/home/ubuntu/.rbenv/versions/2.3.1/lib/ruby/2.3.0/webrick/server.rb:164:in `start'
	/home/ubuntu/.rbenv/versions/2.3.1/lib/ruby/gems/2.3.0/gems/rack-1.6.8/lib/rack/handler/webrick.rb:34:in `run'
	/home/ubuntu/.rbenv/versions/2.3.1/lib/ruby/gems/2.3.0/gems/rack-1.6.8/lib/rack/server.rb:287:in `start'
	/home/ubuntu/.rbenv/versions/2.3.1/lib/ruby/gems/2.3.0/gems/railties-4.2.6/lib/rails/commands/server.rb:80:in `start'
	/home/ubuntu/.rbenv/versions/2.3.1/lib/ruby/gems/2.3.0/gems/railties-4.2.6/lib/rails/commands/commands_tasks.rb:80:in `block in server'
	/home/ubuntu/.rbenv/versions/2.3.1/lib/ruby/gems/2.3.0/gems/railties-4.2.6/lib/rails/commands/commands_tasks.rb:75:in `tap'
	/home/ubuntu/.rbenv/versions/2.3.1/lib/ruby/gems/2.3.0/gems/railties-4.2.6/lib/rails/commands/commands_tasks.rb:75:in `server'
	/home/ubuntu/.rbenv/versions/2.3.1/lib/ruby/gems/2.3.0/gems/railties-4.2.6/lib/rails/commands/commands_tasks.rb:39:in `run_command!'
	/home/ubuntu/.rbenv/versions/2.3.1/lib/ruby/gems/2.3.0/gems/railties-4.2.6/lib/rails/commands.rb:17:in `<top (required)>'
	bin/rails:4:in `require'
	bin/rails:4:in `<main>'
[2018-02-15 22:47:13] INFO  going to shutdown ...
[2018-02-15 22:47:13] INFO  WEBrick::HTTPServer#start done.
=> Booting WEBrick
=> Rails 4.2.6 application starting in development on http://0.0.0.0:3000
=> Run `rails server -h` for more startup options
=> Ctrl-C to shutdown server
Exiting
[2018-02-15 22:47:51] INFO  WEBrick 1.3.1
[2018-02-15 22:47:51] INFO  ruby 2.3.1 (2016-04-26) [x86_64-linux]
[2018-02-15 22:47:51] INFO  WEBrick::HTTPServer#start: pid=20355 port=3000
[2018-02-16 14:49:32] FATAL SignalException: SIGTERM
	/home/ubuntu/.rbenv/versions/2.3.1/lib/ruby/2.3.0/webrick/server.rb:177:in `select'
	/home/ubuntu/.rbenv/versions/2.3.1/lib/ruby/2.3.0/webrick/server.rb:177:in `block in start'
	/home/ubuntu/.rbenv/versions/2.3.1/lib/ruby/2.3.0/webrick/server.rb:33:in `start'
	/home/ubuntu/.rbenv/versions/2.3.1/lib/ruby/2.3.0/webrick/server.rb:164:in `start'
	/home/ubuntu/.rbenv/versions/2.3.1/lib/ruby/gems/2.3.0/gems/rack-1.6.8/lib/rack/handler/webrick.rb:34:in `run'
	/home/ubuntu/.rbenv/versions/2.3.1/lib/ruby/gems/2.3.0/gems/rack-1.6.8/lib/rack/server.rb:287:in `start'
	/home/ubuntu/.rbenv/versions/2.3.1/lib/ruby/gems/2.3.0/gems/railties-4.2.6/lib/rails/commands/server.rb:80:in `start'
	/home/ubuntu/.rbenv/versions/2.3.1/lib/ruby/gems/2.3.0/gems/railties-4.2.6/lib/rails/commands/commands_tasks.rb:80:in `block in server'
	/home/ubuntu/.rbenv/versions/2.3.1/lib/ruby/gems/2.3.0/gems/railties-4.2.6/lib/rails/commands/commands_tasks.rb:75:in `tap'
	/home/ubuntu/.rbenv/versions/2.3.1/lib/ruby/gems/2.3.0/gems/railties-4.2.6/lib/rails/commands/commands_tasks.rb:75:in `server'
	/home/ubuntu/.rbenv/versions/2.3.1/lib/ruby/gems/2.3.0/gems/railties-4.2.6/lib/rails/commands/commands_tasks.rb:39:in `run_command!'
	/home/ubuntu/.rbenv/versions/2.3.1/lib/ruby/gems/2.3.0/gems/railties-4.2.6/lib/rails/commands.rb:17:in `<top (required)>'
	bin/rails:4:in `require'
	bin/rails:4:in `<main>'
[2018-02-16 14:49:32] INFO  going to shutdown ...
[2018-02-16 14:49:32] INFO  WEBrick::HTTPServer#start done.
=> Booting WEBrick
=> Rails 4.2.6 application starting in development on http://0.0.0.0:3000
=> Run `rails server -h` for more startup options
=> Ctrl-C to shutdown server
Exiting
[2018-02-16 14:49:45] INFO  WEBrick 1.3.1
[2018-02-16 14:49:45] INFO  ruby 2.3.1 (2016-04-26) [x86_64-linux]
[2018-02-16 14:49:45] INFO  WEBrick::HTTPServer#start: pid=11434 port=3000
[2018-02-16 14:49:48] INFO  going to shutdown ...
[2018-02-16 14:49:48] INFO  WEBrick::HTTPServer#start done.
=> Booting WEBrick
=> Rails 4.2.6 application starting in development on http://0.0.0.0:3000
=> Run `rails server -h` for more startup options
=> Ctrl-C to shutdown server
Exiting
[2018-02-16 14:49:57] INFO  WEBrick 1.3.1
[2018-02-16 14:49:57] INFO  ruby 2.3.1 (2016-04-26) [x86_64-linux]
[2018-02-16 14:49:57] INFO  WEBrick::HTTPServer#start: pid=11505 port=3000
[2018-02-16 14:57:40] FATAL SignalException: SIGTERM
	/home/ubuntu/.rbenv/versions/2.3.1/lib/ruby/2.3.0/webrick/server.rb:177:in `select'
	/home/ubuntu/.rbenv/versions/2.3.1/lib/ruby/2.3.0/webrick/server.rb:177:in `block in start'
	/home/ubuntu/.rbenv/versions/2.3.1/lib/ruby/2.3.0/webrick/server.rb:33:in `start'
	/home/ubuntu/.rbenv/versions/2.3.1/lib/ruby/2.3.0/webrick/server.rb:164:in `start'
	/home/ubuntu/.rbenv/versions/2.3.1/lib/ruby/gems/2.3.0/gems/rack-1.6.8/lib/rack/handler/webrick.rb:34:in `run'
	/home/ubuntu/.rbenv/versions/2.3.1/lib/ruby/gems/2.3.0/gems/rack-1.6.8/lib/rack/server.rb:287:in `start'
	/home/ubuntu/.rbenv/versions/2.3.1/lib/ruby/gems/2.3.0/gems/railties-4.2.6/lib/rails/commands/server.rb:80:in `start'
	/home/ubuntu/.rbenv/versions/2.3.1/lib/ruby/gems/2.3.0/gems/railties-4.2.6/lib/rails/commands/commands_tasks.rb:80:in `block in server'
	/home/ubuntu/.rbenv/versions/2.3.1/lib/ruby/gems/2.3.0/gems/railties-4.2.6/lib/rails/commands/commands_tasks.rb:75:in `tap'
	/home/ubuntu/.rbenv/versions/2.3.1/lib/ruby/gems/2.3.0/gems/railties-4.2.6/lib/rails/commands/commands_tasks.rb:75:in `server'
	/home/ubuntu/.rbenv/versions/2.3.1/lib/ruby/gems/2.3.0/gems/railties-4.2.6/lib/rails/commands/commands_tasks.rb:39:in `run_command!'
	/home/ubuntu/.rbenv/versions/2.3.1/lib/ruby/gems/2.3.0/gems/railties-4.2.6/lib/rails/commands.rb:17:in `<top (required)>'
	bin/rails:4:in `require'
	bin/rails:4:in `<main>'
[2018-02-16 14:57:40] INFO  going to shutdown ...
[2018-02-16 14:57:40] INFO  WEBrick::HTTPServer#start done.
=> Booting WEBrick
=> Rails 4.2.6 application starting in development on http://0.0.0.0:3000
=> Run `rails server -h` for more startup options
=> Ctrl-C to shutdown server
Exiting
[2018-02-16 14:57:52] INFO  WEBrick 1.3.1
[2018-02-16 14:57:52] INFO  ruby 2.3.1 (2016-04-26) [x86_64-linux]
[2018-02-16 14:57:52] INFO  WEBrick::HTTPServer#start: pid=12965 port=3000
[2018-02-16 20:23:46] FATAL SignalException: SIGTERM
	/home/ubuntu/.rbenv/versions/2.3.1/lib/ruby/2.3.0/webrick/server.rb:177:in `select'
	/home/ubuntu/.rbenv/versions/2.3.1/lib/ruby/2.3.0/webrick/server.rb:177:in `block in start'
	/home/ubuntu/.rbenv/versions/2.3.1/lib/ruby/2.3.0/webrick/server.rb:33:in `start'
	/home/ubuntu/.rbenv/versions/2.3.1/lib/ruby/2.3.0/webrick/server.rb:164:in `start'
	/home/ubuntu/.rbenv/versions/2.3.1/lib/ruby/gems/2.3.0/gems/rack-1.6.8/lib/rack/handler/webrick.rb:34:in `run'
	/home/ubuntu/.rbenv/versions/2.3.1/lib/ruby/gems/2.3.0/gems/rack-1.6.8/lib/rack/server.rb:287:in `start'
	/home/ubuntu/.rbenv/versions/2.3.1/lib/ruby/gems/2.3.0/gems/railties-4.2.6/lib/rails/commands/server.rb:80:in `start'
	/home/ubuntu/.rbenv/versions/2.3.1/lib/ruby/gems/2.3.0/gems/railties-4.2.6/lib/rails/commands/commands_tasks.rb:80:in `block in server'
	/home/ubuntu/.rbenv/versions/2.3.1/lib/ruby/gems/2.3.0/gems/railties-4.2.6/lib/rails/commands/commands_tasks.rb:75:in `tap'
	/home/ubuntu/.rbenv/versions/2.3.1/lib/ruby/gems/2.3.0/gems/railties-4.2.6/lib/rails/commands/commands_tasks.rb:75:in `server'
	/home/ubuntu/.rbenv/versions/2.3.1/lib/ruby/gems/2.3.0/gems/railties-4.2.6/lib/rails/commands/commands_tasks.rb:39:in `run_command!'
	/home/ubuntu/.rbenv/versions/2.3.1/lib/ruby/gems/2.3.0/gems/railties-4.2.6/lib/rails/commands.rb:17:in `<top (required)>'
	bin/rails:4:in `require'
	bin/rails:4:in `<main>'
[2018-02-16 20:23:46] INFO  going to shutdown ...
[2018-02-16 20:23:46] INFO  WEBrick::HTTPServer#start done.
=> Booting WEBrick
=> Rails 4.2.6 application starting in development on http://0.0.0.0:3000
=> Run `rails server -h` for more startup options
=> Ctrl-C to shutdown server
Exiting
