[2018-02-15 15:55:45] INFO  WEBrick 1.3.1
[2018-02-15 15:55:45] INFO  ruby 2.3.1 (2016-04-26) [x86_64-linux]
[2018-02-15 15:55:45] INFO  WEBrick::HTTPServer#start: pid=17360 port=3000
[2018-02-15 15:55:47] INFO  going to shutdown ...
[2018-02-15 15:55:47] INFO  WEBrick::HTTPServer#start done.
=> Booting WEBrick
=> Rails 4.2.6 application starting in development on http://0.0.0.0:3000
=> Run `rails server -h` for more startup options
=> Ctrl-C to shutdown server
Exiting
[2018-02-15 15:55:57] INFO  WEBrick 1.3.1
[2018-02-15 15:55:57] INFO  ruby 2.3.1 (2016-04-26) [x86_64-linux]
[2018-02-15 15:55:57] INFO  WEBrick::HTTPServer#start: pid=17432 port=3000
[2018-02-15 16:12:14] FATAL SignalException: SIGTERM
	/home/ubuntu/.rbenv/versions/2.3.1/lib/ruby/2.3.0/webrick/server.rb:177:in `select'
	/home/ubuntu/.rbenv/versions/2.3.1/lib/ruby/2.3.0/webrick/server.rb:177:in `block in start'
	/home/ubuntu/.rbenv/versions/2.3.1/lib/ruby/2.3.0/webrick/server.rb:33:in `start'
	/home/ubuntu/.rbenv/versions/2.3.1/lib/ruby/2.3.0/webrick/server.rb:164:in `start'
	/home/ubuntu/.rbenv/versions/2.3.1/lib/ruby/gems/2.3.0/gems/rack-1.6.8/lib/rack/handler/webrick.rb:34:in `run'
	/home/ubuntu/.rbenv/versions/2.3.1/lib/ruby/gems/2.3.0/gems/rack-1.6.8/lib/rack/server.rb:287:in `start'
	/home/ubuntu/.rbenv/versions/2.3.1/lib/ruby/gems/2.3.0/gems/railties-4.2.6/lib/rails/commands/server.rb:80:in `start'
	/home/ubuntu/.rbenv/versions/2.3.1/lib/ruby/gems/2.3.0/gems/railties-4.2.6/lib/rails/commands/commands_tasks.rb:80:in `block in server'
	/home/ubuntu/.rbenv/versions/2.3.1/lib/ruby/gems/2.3.0/gems/railties-4.2.6/lib/rails/commands/commands_tasks.rb:75:in `tap'
	/home/ubuntu/.rbenv/versions/2.3.1/lib/ruby/gems/2.3.0/gems/railties-4.2.6/lib/rails/commands/commands_tasks.rb:75:in `server'
	/home/ubuntu/.rbenv/versions/2.3.1/lib/ruby/gems/2.3.0/gems/railties-4.2.6/lib/rails/commands/commands_tasks.rb:39:in `run_command!'
	/home/ubuntu/.rbenv/versions/2.3.1/lib/ruby/gems/2.3.0/gems/railties-4.2.6/lib/rails/commands.rb:17:in `<top (required)>'
	bin/rails:4:in `require'
	bin/rails:4:in `<main>'
[2018-02-15 16:12:14] INFO  going to shutdown ...
[2018-02-15 16:12:14] INFO  WEBrick::HTTPServer#start done.
=> Booting WEBrick
=> Rails 4.2.6 application starting in development on http://0.0.0.0:3000
=> Run `rails server -h` for more startup options
=> Ctrl-C to shutdown server


Started GET "/" for 127.0.0.1 at 2018-02-15 15:56:38 +0000
  [1m[36mActiveRecord::SchemaMigration Load (0.1ms)[0m  [1mSELECT "schema_migrations".* FROM "schema_migrations"[0m
Processing by VideosController#index as */*
  [1m[35mVideo Load (0.1ms)[0m  SELECT "videos".* FROM "videos"
  Rendered videos/index.html.erb within layouts/application (5.0ms)
Completed 200 OK in 229ms (Views: 219.2ms | ActiveRecord: 0.2ms)


Started GET "/" for 127.0.0.1 at 2018-02-15 15:56:40 +0000
Processing by VideosController#index as */*
  [1m[36mVideo Load (0.1ms)[0m  [1mSELECT "videos".* FROM "videos"[0m
  Rendered videos/index.html.erb within layouts/application (0.7ms)
Completed 200 OK in 19ms (Views: 18.7ms | ActiveRecord: 0.1ms)


Started GET "/" for 127.0.0.1 at 2018-02-15 15:56:40 +0000
Processing by VideosController#index as */*
  [1m[35mVideo Load (0.1ms)[0m  SELECT "videos".* FROM "videos"
  Rendered videos/index.html.erb within layouts/application (0.7ms)
Completed 200 OK in 19ms (Views: 19.0ms | ActiveRecord: 0.1ms)


Started GET "/" for 127.0.0.1 at 2018-02-15 15:56:41 +0000
Processing by VideosController#index as */*
  [1m[36mVideo Load (0.1ms)[0m  [1mSELECT "videos".* FROM "videos"[0m
  Rendered videos/index.html.erb within layouts/application (0.8ms)
Completed 200 OK in 32ms (Views: 31.7ms | ActiveRecord: 0.1ms)


Started GET "/" for 127.0.0.1 at 2018-02-15 15:56:42 +0000
Processing by VideosController#index as */*
  [1m[35mVideo Load (0.1ms)[0m  SELECT "videos".* FROM "videos"
  Rendered videos/index.html.erb within layouts/application (1.2ms)
Completed 200 OK in 29ms (Views: 28.5ms | ActiveRecord: 0.1ms)


Started GET "/" for 127.0.0.1 at 2018-02-15 15:56:42 +0000
Processing by VideosController#index as */*
  [1m[36mVideo Load (0.1ms)[0m  [1mSELECT "videos".* FROM "videos"[0m
  Rendered videos/index.html.erb within layouts/application (1.1ms)
Completed 200 OK in 28ms (Views: 27.9ms | ActiveRecord: 0.1ms)


Started GET "/" for 127.0.0.1 at 2018-02-15 15:56:43 +0000
Processing by VideosController#index as */*
  [1m[35mVideo Load (0.2ms)[0m  SELECT "videos".* FROM "videos"
  Rendered videos/index.html.erb within layouts/application (0.8ms)
Completed 200 OK in 20ms (Views: 19.3ms | ActiveRecord: 0.2ms)


Started GET "/" for 127.0.0.1 at 2018-02-15 15:56:43 +0000
Processing by VideosController#index as */*
  [1m[36mVideo Load (0.1ms)[0m  [1mSELECT "videos".* FROM "videos"[0m
  Rendered videos/index.html.erb within layouts/application (0.7ms)
Completed 200 OK in 20ms (Views: 19.3ms | ActiveRecord: 0.1ms)


Started GET "/" for 127.0.0.1 at 2018-02-15 15:56:44 +0000
Processing by VideosController#index as */*
  [1m[35mVideo Load (0.1ms)[0m  SELECT "videos".* FROM "videos"
  Rendered videos/index.html.erb within layouts/application (0.8ms)
Completed 200 OK in 21ms (Views: 20.4ms | ActiveRecord: 0.1ms)


Started GET "/" for 127.0.0.1 at 2018-02-15 15:56:44 +0000
Processing by VideosController#index as */*
  [1m[36mVideo Load (0.2ms)[0m  [1mSELECT "videos".* FROM "videos"[0m
  Rendered videos/index.html.erb within layouts/application (0.7ms)
Completed 200 OK in 20ms (Views: 19.6ms | ActiveRecord: 0.2ms)
Exiting
[2018-02-15 16:13:19] INFO  WEBrick 1.3.1
[2018-02-15 16:13:19] INFO  ruby 2.3.1 (2016-04-26) [x86_64-linux]
[2018-02-15 16:13:19] INFO  WEBrick::HTTPServer#start: pid=20439 port=3000
